05-05-2022 19:57:51.733 [main] INFO  c.e.p.PlacementmanagerApplicationTests.logStarting - Starting PlacementmanagerApplicationTests using Java 11.0.11 on karthikhegde05-Vostro-3478 with PID 24431 (started by karthikhegde05 in /home/karthikhegde05/Videos/SPE_majorProject/backend/placementmanager)
05-05-2022 19:57:51.734 [main] INFO  c.e.p.PlacementmanagerApplicationTests.logStartupProfileInfo - No active profile set, falling back to 1 default profile: "default"
05-05-2022 19:58:13.043 [main] INFO  c.e.p.PlacementmanagerApplicationTests.logStarted - Started PlacementmanagerApplicationTests in 21.848 seconds (JVM running for 23.483)
05-05-2022 19:58:15.098 [main] INFO  c.e.placementmanager.ControllerTest.logStarting - Starting ControllerTest using Java 11.0.11 on karthikhegde05-Vostro-3478 with PID 24431 (started by karthikhegde05 in /home/karthikhegde05/Videos/SPE_majorProject/backend/placementmanager)
05-05-2022 19:58:15.099 [main] INFO  c.e.placementmanager.ControllerTest.logStartupProfileInfo - No active profile set, falling back to 1 default profile: "default"
05-05-2022 19:58:16.338 [main] INFO  c.e.placementmanager.ControllerTest.logStarted - Started ControllerTest in 1.301 seconds (JVM running for 26.779)
05-05-2022 19:58:39.896 [main] INFO  c.e.p.PlacementmanagerApplication.logStarting - Starting PlacementmanagerApplication v0.0.1-SNAPSHOT using Java 11.0.11 on karthikhegde05-Vostro-3478 with PID 24699 (/home/karthikhegde05/Videos/SPE_majorProject/backend/placementmanager/target/placementmanager-0.0.1-SNAPSHOT.jar started by karthikhegde05 in /home/karthikhegde05/Videos/SPE_majorProject/backend/placementmanager)
05-05-2022 19:58:39.908 [main] INFO  c.e.p.PlacementmanagerApplication.logStartupProfileInfo - No active profile set, falling back to 1 default profile: "default"
05-05-2022 19:59:13.940 [main] INFO  c.e.p.PlacementmanagerApplication.logStarted - Started PlacementmanagerApplication in 34.789 seconds (JVM running for 36.015)
05-05-2022 20:02:57.938 [main] INFO  c.e.p.PlacementmanagerApplicationTests.logStarting - Starting PlacementmanagerApplicationTests using Java 11.0.11 on karthikhegde05-Vostro-3478 with PID 25373 (started by karthikhegde05 in /home/karthikhegde05/Videos/SPE_majorProject/backend/placementmanager)
05-05-2022 20:02:57.941 [main] INFO  c.e.p.PlacementmanagerApplicationTests.logStartupProfileInfo - No active profile set, falling back to 1 default profile: "default"
05-05-2022 20:03:17.451 [main] INFO  c.e.p.PlacementmanagerApplicationTests.logStarted - Started PlacementmanagerApplicationTests in 20.047 seconds (JVM running for 22.539)
05-05-2022 20:03:19.134 [main] INFO  c.e.placementmanager.ControllerTest.logStarting - Starting ControllerTest using Java 11.0.11 on karthikhegde05-Vostro-3478 with PID 25373 (started by karthikhegde05 in /home/karthikhegde05/Videos/SPE_majorProject/backend/placementmanager)
05-05-2022 20:03:19.135 [main] INFO  c.e.placementmanager.ControllerTest.logStartupProfileInfo - No active profile set, falling back to 1 default profile: "default"
05-05-2022 20:03:20.095 [main] INFO  c.e.placementmanager.ControllerTest.logStarted - Started ControllerTest in 0.988 seconds (JVM running for 25.183)
05-05-2022 20:03:36.253 [main] INFO  c.e.p.PlacementmanagerApplication.logStarting - Starting PlacementmanagerApplication v0.0.1-SNAPSHOT using Java 11.0.11 on karthikhegde05-Vostro-3478 with PID 25632 (/home/karthikhegde05/Videos/SPE_majorProject/backend/placementmanager/target/placementmanager-0.0.1-SNAPSHOT.jar started by karthikhegde05 in /home/karthikhegde05/Videos/SPE_majorProject/backend/placementmanager)
05-05-2022 20:03:36.264 [main] INFO  c.e.p.PlacementmanagerApplication.logStartupProfileInfo - No active profile set, falling back to 1 default profile: "default"
05-05-2022 20:03:54.032 [main] INFO  c.e.p.PlacementmanagerApplication.logStarted - Started PlacementmanagerApplication in 18.461 seconds (JVM running for 19.8)
05-05-2022 20:49:46.516 [main] INFO  c.e.p.PlacementmanagerApplicationTests.logStarting - Starting PlacementmanagerApplicationTests using Java 11.0.11 on karthikhegde05-Vostro-3478 with PID 28545 (started by karthikhegde05 in /home/karthikhegde05/Videos/SPE_majorProject/backend/placementmanager)
05-05-2022 20:49:46.519 [main] INFO  c.e.p.PlacementmanagerApplicationTests.logStartupProfileInfo - No active profile set, falling back to 1 default profile: "default"
05-05-2022 20:50:03.556 [main] INFO  c.e.p.PlacementmanagerApplicationTests.logStarted - Started PlacementmanagerApplicationTests in 17.527 seconds (JVM running for 20.039)
05-05-2022 20:50:04.546 [main] INFO  c.e.placementmanager.ControllerTest.logStarting - Starting ControllerTest using Java 11.0.11 on karthikhegde05-Vostro-3478 with PID 28545 (started by karthikhegde05 in /home/karthikhegde05/Videos/SPE_majorProject/backend/placementmanager)
05-05-2022 20:50:04.547 [main] INFO  c.e.placementmanager.ControllerTest.logStartupProfileInfo - No active profile set, falling back to 1 default profile: "default"
05-05-2022 20:50:05.333 [main] INFO  c.e.placementmanager.ControllerTest.logStarted - Started ControllerTest in 0.855 seconds (JVM running for 21.816)
05-05-2022 20:50:05.447 [main] INFO  c.e.p.controller.Controller.fetchDrives - [Fetch Company Drives] - [GET]
05-05-2022 20:50:05.705 [main] INFO  c.e.p.controller.Controller.fetchCompHome - [Fetch Company Home] - [GET]
05-05-2022 20:50:17.819 [main] INFO  c.e.p.PlacementmanagerApplication.logStarting - Starting PlacementmanagerApplication v0.0.1-SNAPSHOT using Java 11.0.11 on karthikhegde05-Vostro-3478 with PID 28748 (/home/karthikhegde05/Videos/SPE_majorProject/backend/placementmanager/target/placementmanager-0.0.1-SNAPSHOT.jar started by karthikhegde05 in /home/karthikhegde05/Videos/SPE_majorProject/backend/placementmanager)
05-05-2022 20:50:17.825 [main] INFO  c.e.p.PlacementmanagerApplication.logStartupProfileInfo - No active profile set, falling back to 1 default profile: "default"
05-05-2022 20:50:35.591 [main] INFO  c.e.p.PlacementmanagerApplication.logStarted - Started PlacementmanagerApplication in 18.723 seconds (JVM running for 19.547)
05-05-2022 20:50:42.523 [http-nio-8082-exec-2] INFO  c.e.p.controller.Controller.checkLogin - [Login] - [POST]
05-05-2022 20:50:42.789 [http-nio-8082-exec-3] INFO  c.e.p.controller.Controller.fetchDrives - [Fetch Company Drives] - [GET]
05-05-2022 20:50:42.790 [http-nio-8082-exec-4] INFO  c.e.p.controller.Controller.fetchDrives - [Fetch Company Drives] - [GET]
05-05-2022 20:50:46.000 [http-nio-8082-exec-5] INFO  c.e.p.controller.Controller.fetchDrives - [Fetch Company Drives] - [GET]
05-05-2022 20:50:46.010 [http-nio-8082-exec-6] INFO  c.e.p.controller.Controller.fetchDrives - [Fetch Company Drives] - [GET]
05-05-2022 20:50:57.689 [http-nio-8082-exec-8] INFO  c.e.p.controller.Controller.createDrive - [Create New Drive] - [POST]
05-05-2022 20:50:58.033 [http-nio-8082-exec-9] INFO  c.e.p.controller.Controller.fetchDrives - [Fetch Company Drives] - [GET]
05-05-2022 20:50:58.039 [http-nio-8082-exec-10] INFO  c.e.p.controller.Controller.fetchDrives - [Fetch Company Drives] - [GET]
